# JRE version: OpenJDK Runtime Environment (8.0_202-b03) (build 1.8.0_202-release-1483-b03)
# Java VM: OpenJDK 64-Bit Server VM (25.202-b03 mixed mode windows-amd64 compressed oops)
Heap:
 PSYoungGen      total 302592K, used 87323K [0x00000000e0000000, 0x00000000f6380000, 0x0000000100000000)
  eden space 258048K, 33% used [0x00000000e0000000,0x00000000e5546f60,0x00000000efc00000)
  from space 44544K, 0% used [0x00000000efc00000,0x00000000efc00000,0x00000000f2780000)
  to   space 48640K, 0% used [0x00000000f3400000,0x00000000f3400000,0x00000000f6380000)
 ParOldGen       total 203776K, used 68106K [0x00000000a0000000, 0x00000000ac700000, 0x00000000e0000000)
  object space 203776K, 33% used [0x00000000a0000000,0x00000000a4282898,0x00000000ac700000)
 Metaspace       used 100635K, capacity 104154K, committed 132056K, reserved 1163264K
  class space    used 12915K, capacity 13637K, committed 17408K, reserved 1048576K
GC Heap History (10 events):
Event: 17280.880 GC heap before
{Heap before GC invocations=24 (full 4):
 PSYoungGen      total 265216K, used 259207K [0x00000000e0000000, 0x00000000f4000000, 0x0000000100000000)
  eden space 229888K, 100% used [0x00000000e0000000,0x00000000ee080000,0x00000000ee080000)
  from space 35328K, 82% used [0x00000000ee080000,0x00000000efd21f28,0x00000000f0300000)
  to   space 38400K, 0% used [0x00000000f1a80000,0x00000000f1a80000,0x00000000f4000000)
 ParOldGen       total 203776K, used 57939K [0x00000000a0000000, 0x00000000ac700000, 0x00000000e0000000)
  object space 203776K, 28% used [0x00000000a0000000,0x00000000a3894ca8,0x00000000ac700000)
 Metaspace       used 123722K, capacity 128544K, committed 128728K, reserved 1161216K
  class space    used 15621K, capacity 16560K, committed 16640K, reserved 1048576K
Event: 17280.908 GC heap after
Heap after GC invocations=24 (full 4):
 PSYoungGen      total 283136K, used 26507K [0x00000000e0000000, 0x00000000f3e80000, 0x0000000100000000)
  eden space 246272K, 0% used [0x00000000e0000000,0x00000000e0000000,0x00000000ef080000)
  from space 36864K, 71% used [0x00000000f1a80000,0x00000000f3462ff8,0x00000000f3e80000)
  to   space 39936K, 0% used [0x00000000ef080000,0x00000000ef080000,0x00000000f1780000)
 ParOldGen       total 203776K, used 57947K [0x00000000a0000000, 0x00000000ac700000, 0x00000000e0000000)
  object space 203776K, 28% used [0x00000000a0000000,0x00000000a3896ca8,0x00000000ac700000)
 Metaspace       used 123722K, capacity 128544K, committed 128728K, reserved 1161216K
  class space    used 15621K, capacity 16560K, committed 16640K, reserved 1048576K
}
Event: 17294.235 GC heap before
{Heap before GC invocations=25 (full 4):
 PSYoungGen      total 283136K, used 272779K [0x00000000e0000000, 0x00000000f3e80000, 0x0000000100000000)
  eden space 246272K, 100% used [0x00000000e0000000,0x00000000ef080000,0x00000000ef080000)
  from space 36864K, 71% used [0x00000000f1a80000,0x00000000f3462ff8,0x00000000f3e80000)
  to   space 39936K, 0% used [0x00000000ef080000,0x00000000ef080000,0x00000000f1780000)
 ParOldGen       total 203776K, used 57947K [0x00000000a0000000, 0x00000000ac700000, 0x00000000e0000000)
  object space 203776K, 28% used [0x00000000a0000000,0x00000000a3896ca8,0x00000000ac700000)
 Metaspace       used 124112K, capacity 129090K, committed 129240K, reserved 1161216K
  class space    used 15657K, capacity 16607K, committed 16640K, reserved 1048576K
Event: 17294.268 GC heap after
Heap after GC invocations=25 (full 4):
 PSYoungGen      total 286208K, used 24821K [0x00000000e0000000, 0x00000000f4f00000, 0x0000000100000000)
  eden space 246272K, 0% used [0x00000000e0000000,0x00000000e0000000,0x00000000ef080000)
  from space 39936K, 62% used [0x00000000ef080000,0x00000000f08bd4c8,0x00000000f1780000)
  to   space 40448K, 0% used [0x00000000f2780000,0x00000000f2780000,0x00000000f4f00000)
 ParOldGen       total 203776K, used 57955K [0x00000000a0000000, 0x00000000ac700000, 0x00000000e0000000)
  object space 203776K, 28% used [0x00000000a0000000,0x00000000a3898ca8,0x00000000ac700000)
 Metaspace       used 124112K, capacity 129090K, committed 129240K, reserved 1161216K
  class space    used 15657K, capacity 16607K, committed 16640K, reserved 1048576K
}
Event: 17296.167 GC heap before
{Heap before GC invocations=26 (full 4):
 PSYoungGen      total 286208K, used 271093K [0x00000000e0000000, 0x00000000f4f00000, 0x0000000100000000)
  eden space 246272K, 100% used [0x00000000e0000000,0x00000000ef080000,0x00000000ef080000)
  from space 39936K, 62% used [0x00000000ef080000,0x00000000f08bd4c8,0x00000000f1780000)
  to   space 40448K, 0% used [0x00000000f2780000,0x00000000f2780000,0x00000000f4f00000)
 ParOldGen       total 203776K, used 57955K [0x00000000a0000000, 0x00000000ac700000, 0x00000000e0000000)
  object space 203776K, 28% used [0x00000000a0000000,0x00000000a3898ca8,0x00000000ac700000)
 Metaspace       used 126223K, capacity 131226K, committed 131288K, reserved 1163264K
  class space    used 15931K, capacity 16877K, committed 16896K, reserved 1048576K
Event: 17296.189 GC heap after
Heap after GC invocations=26 (full 4):
 PSYoungGen      total 298496K, used 34449K [0x00000000e0000000, 0x00000000f5b80000, 0x0000000100000000)
  eden space 258048K, 0% used [0x00000000e0000000,0x00000000e0000000,0x00000000efc00000)
  from space 40448K, 85% used [0x00000000f2780000,0x00000000f4924670,0x00000000f4f00000)
  to   space 44544K, 0% used [0x00000000efc00000,0x00000000efc00000,0x00000000f2780000)
 ParOldGen       total 203776K, used 57963K [0x00000000a0000000, 0x00000000ac700000, 0x00000000e0000000)
  object space 203776K, 28% used [0x00000000a0000000,0x00000000a389aca8,0x00000000ac700000)
 Metaspace       used 126223K, capacity 131226K, committed 131288K, reserved 1163264K
  class space    used 15931K, capacity 16877K, committed 16896K, reserved 1048576K
}
Event: 17297.176 GC heap before
{Heap before GC invocations=27 (full 4):
 PSYoungGen      total 298496K, used 82420K [0x00000000e0000000, 0x00000000f5b80000, 0x0000000100000000)
  eden space 258048K, 18% used [0x00000000e0000000,0x00000000e2ed8cb8,0x00000000efc00000)
  from space 40448K, 85% used [0x00000000f2780000,0x00000000f4924670,0x00000000f4f00000)
  to   space 44544K, 0% used [0x00000000efc00000,0x00000000efc00000,0x00000000f2780000)
 ParOldGen       total 203776K, used 57963K [0x00000000a0000000, 0x00000000ac700000, 0x00000000e0000000)
  object space 203776K, 28% used [0x00000000a0000000,0x00000000a389aca8,0x00000000ac700000)
 Metaspace       used 128712K, capacity 133854K, committed 134104K, reserved 1165312K
  class space    used 16343K, capacity 17365K, committed 17408K, reserved 1048576K
Event: 17297.196 GC heap after
Heap after GC invocations=27 (full 4):
 PSYoungGen      total 302592K, used 37669K [0x00000000e0000000, 0x00000000f6380000, 0x0000000100000000)
  eden space 258048K, 0% used [0x00000000e0000000,0x00000000e0000000,0x00000000efc00000)
  from space 44544K, 84% used [0x00000000efc00000,0x00000000f20c9488,0x00000000f2780000)
  to   space 48640K, 0% used [0x00000000f3400000,0x00000000f3400000,0x00000000f6380000)
 ParOldGen       total 203776K, used 57971K [0x00000000a0000000, 0x00000000ac700000, 0x00000000e0000000)
  object space 203776K, 28% used [0x00000000a0000000,0x00000000a389cca8,0x00000000ac700000)
 Metaspace       used 128712K, capacity 133854K, committed 134104K, reserved 1165312K
  class space    used 16343K, capacity 17365K, committed 17408K, reserved 1048576K
}
Event: 17297.196 GC heap before
{Heap before GC invocations=28 (full 5):
 PSYoungGen      total 302592K, used 37669K [0x00000000e0000000, 0x00000000f6380000, 0x0000000100000000)
  eden space 258048K, 0% used [0x00000000e0000000,0x00000000e0000000,0x00000000efc00000)
  from space 44544K, 84% used [0x00000000efc00000,0x00000000f20c9488,0x00000000f2780000)
  to   space 48640K, 0% used [0x00000000f3400000,0x00000000f3400000,0x00000000f6380000)
 ParOldGen       total 203776K, used 57971K [0x00000000a0000000, 0x00000000ac700000, 0x00000000e0000000)
  object space 203776K, 28% used [0x00000000a0000000,0x00000000a389cca8,0x00000000ac700000)
 Metaspace       used 128712K, capacity 133854K, committed 134104K, reserved 1165312K
  class space    used 16343K, capacity 17365K, committed 17408K, reserved 1048576K
Event: 17297.648 GC heap after
Heap after GC invocations=28 (full 5):
 PSYoungGen      total 302592K, used 0K [0x00000000e0000000, 0x00000000f6380000, 0x0000000100000000)
  eden space 258048K, 0% used [0x00000000e0000000,0x00000000e0000000,0x00000000efc00000)
  from space 44544K, 0% used [0x00000000efc00000,0x00000000efc00000,0x00000000f2780000)
  to   space 48640K, 0% used [0x00000000f3400000,0x00000000f3400000,0x00000000f6380000)
 ParOldGen       total 203776K, used 68106K [0x00000000a0000000, 0x00000000ac700000, 0x00000000e0000000)
  object space 203776K, 33% used [0x00000000a0000000,0x00000000a4282898,0x00000000ac700000)
 Metaspace       used 95772K, capacity 99194K, committed 132056K, reserved 1163264K
  class space    used 12274K, capacity 12993K, committed 17408K, reserved 1048576K
}

