# JRE version: OpenJDK Runtime Environment (8.0_202-b03) (build 1.8.0_202-release-1483-b03)
# Java VM: OpenJDK 64-Bit Server VM (25.202-b03 mixed mode windows-amd64 compressed oops)
Heap:
 PSYoungGen      total 454144K, used 34826K [0x00000000e0000000, 0x0000000100000000, 0x0000000100000000)
  eden space 387584K, 2% used [0x00000000e0000000,0x00000000e07c7550,0x00000000f7a80000)
  from space 66560K, 40% used [0x00000000f7a80000,0x00000000f94bb580,0x00000000fbb80000)
  to   space 62976K, 0% used [0x00000000fc280000,0x00000000fc280000,0x0000000100000000)
 ParOldGen       total 300032K, used 116350K [0x00000000a0000000, 0x00000000b2500000, 0x00000000e0000000)
  object space 300032K, 38% used [0x00000000a0000000,0x00000000a719f900,0x00000000b2500000)
 Metaspace       used 169641K, capacity 177564K, committed 177792K, reserved 1204224K
  class space    used 21893K, capacity 23337K, committed 23464K, reserved 1048576K
GC Heap History (10 events):
Event: 1002.813 GC heap before
{Heap before GC invocations=22 (full 4):
 PSYoungGen      total 380416K, used 372063K [0x00000000e0000000, 0x00000000fce80000, 0x0000000100000000)
  eden space 334848K, 100% used [0x00000000e0000000,0x00000000f4700000,0x00000000f4700000)
  from space 45568K, 81% used [0x00000000f4700000,0x00000000f6b57e30,0x00000000f7380000)
  to   space 49664K, 0% used [0x00000000f9e00000,0x00000000f9e00000,0x00000000fce80000)
 ParOldGen       total 220160K, used 75218K [0x00000000a0000000, 0x00000000ad700000, 0x00000000e0000000)
  object space 220160K, 34% used [0x00000000a0000000,0x00000000a4974998,0x00000000ad700000)
 Metaspace       used 133798K, capacity 139982K, committed 140052K, reserved 1171456K
  class space    used 17552K, capacity 18690K, committed 18748K, reserved 1048576K
Event: 1002.845 GC heap after
Heap after GC invocations=22 (full 4):
 PSYoungGen      total 416768K, used 41824K [0x00000000e0000000, 0x00000000fd080000, 0x0000000100000000)
  eden space 367104K, 0% used [0x00000000e0000000,0x00000000e0000000,0x00000000f6680000)
  from space 49664K, 84% used [0x00000000f9e00000,0x00000000fc6d8130,0x00000000fce80000)
  to   space 54272K, 0% used [0x00000000f6680000,0x00000000f6680000,0x00000000f9b80000)
 ParOldGen       total 220160K, used 75226K [0x00000000a0000000, 0x00000000ad700000, 0x00000000e0000000)
  object space 220160K, 34% used [0x00000000a0000000,0x00000000a4976998,0x00000000ad700000)
 Metaspace       used 133798K, capacity 139982K, committed 140052K, reserved 1171456K
  class space    used 17552K, capacity 18690K, committed 18748K, reserved 1048576K
}
Event: 1121.398 GC heap before
{Heap before GC invocations=23 (full 4):
 PSYoungGen      total 416768K, used 408928K [0x00000000e0000000, 0x00000000fd080000, 0x0000000100000000)
  eden space 367104K, 100% used [0x00000000e0000000,0x00000000f6680000,0x00000000f6680000)
  from space 49664K, 84% used [0x00000000f9e00000,0x00000000fc6d8130,0x00000000fce80000)
  to   space 54272K, 0% used [0x00000000f6680000,0x00000000f6680000,0x00000000f9b80000)
 ParOldGen       total 220160K, used 75226K [0x00000000a0000000, 0x00000000ad700000, 0x00000000e0000000)
  object space 220160K, 34% used [0x00000000a0000000,0x00000000a4976998,0x00000000ad700000)
 Metaspace       used 141296K, capacity 147872K, committed 148116K, reserved 1177600K
  class space    used 18421K, capacity 19602K, committed 19644K, reserved 1048576K
Event: 1121.435 GC heap after
Heap after GC invocations=23 (full 4):
 PSYoungGen      total 421376K, used 42427K [0x00000000e0000000, 0x00000000ff480000, 0x0000000100000000)
  eden space 367104K, 0% used [0x00000000e0000000,0x00000000e0000000,0x00000000f6680000)
  from space 54272K, 78% used [0x00000000f6680000,0x00000000f8feef10,0x00000000f9b80000)
  to   space 58368K, 0% used [0x00000000fbb80000,0x00000000fbb80000,0x00000000ff480000)
 ParOldGen       total 220160K, used 75234K [0x00000000a0000000, 0x00000000ad700000, 0x00000000e0000000)
  object space 220160K, 34% used [0x00000000a0000000,0x00000000a4978998,0x00000000ad700000)
 Metaspace       used 141296K, capacity 147872K, committed 148116K, reserved 1177600K
  class space    used 18421K, capacity 19602K, committed 19644K, reserved 1048576K
}
Event: 1191.691 GC heap before
{Heap before GC invocations=24 (full 4):
 PSYoungGen      total 421376K, used 253209K [0x00000000e0000000, 0x00000000ff480000, 0x0000000100000000)
  eden space 367104K, 57% used [0x00000000e0000000,0x00000000ecdd75c8,0x00000000f6680000)
  from space 54272K, 78% used [0x00000000f6680000,0x00000000f8feef10,0x00000000f9b80000)
  to   space 58368K, 0% used [0x00000000fbb80000,0x00000000fbb80000,0x00000000ff480000)
 ParOldGen       total 220160K, used 75234K [0x00000000a0000000, 0x00000000ad700000, 0x00000000e0000000)
  object space 220160K, 34% used [0x00000000a0000000,0x00000000a4978998,0x00000000ad700000)
 Metaspace       used 156433K, capacity 163774K, committed 163968K, reserved 1191936K
  class space    used 20270K, capacity 21581K, committed 21672K, reserved 1048576K
Event: 1191.725 GC heap after
Heap after GC invocations=24 (full 4):
 PSYoungGen      total 445952K, used 56625K [0x00000000e0000000, 0x00000000fff80000, 0x0000000100000000)
  eden space 387584K, 0% used [0x00000000e0000000,0x00000000e0000000,0x00000000f7a80000)
  from space 58368K, 97% used [0x00000000fbb80000,0x00000000ff2cc6f8,0x00000000ff480000)
  to   space 66560K, 0% used [0x00000000f7a80000,0x00000000f7a80000,0x00000000fbb80000)
 ParOldGen       total 220160K, used 75242K [0x00000000a0000000, 0x00000000ad700000, 0x00000000e0000000)
  object space 220160K, 34% used [0x00000000a0000000,0x00000000a497a998,0x00000000ad700000)
 Metaspace       used 156433K, capacity 163774K, committed 163968K, reserved 1191936K
  class space    used 20270K, capacity 21581K, committed 21672K, reserved 1048576K
}
Event: 1191.725 GC heap before
{Heap before GC invocations=25 (full 5):
 PSYoungGen      total 445952K, used 56625K [0x00000000e0000000, 0x00000000fff80000, 0x0000000100000000)
  eden space 387584K, 0% used [0x00000000e0000000,0x00000000e0000000,0x00000000f7a80000)
  from space 58368K, 97% used [0x00000000fbb80000,0x00000000ff2cc6f8,0x00000000ff480000)
  to   space 66560K, 0% used [0x00000000f7a80000,0x00000000f7a80000,0x00000000fbb80000)
 ParOldGen       total 220160K, used 75242K [0x00000000a0000000, 0x00000000ad700000, 0x00000000e0000000)
  object space 220160K, 34% used [0x00000000a0000000,0x00000000a497a998,0x00000000ad700000)
 Metaspace       used 156433K, capacity 163774K, committed 163968K, reserved 1191936K
  class space    used 20270K, capacity 21581K, committed 21672K, reserved 1048576K
Event: 1191.921 GC heap after
Heap after GC invocations=25 (full 5):
 PSYoungGen      total 445952K, used 0K [0x00000000e0000000, 0x00000000fff80000, 0x0000000100000000)
  eden space 387584K, 0% used [0x00000000e0000000,0x00000000e0000000,0x00000000f7a80000)
  from space 58368K, 0% used [0x00000000fbb80000,0x00000000fbb80000,0x00000000ff480000)
  to   space 66560K, 0% used [0x00000000f7a80000,0x00000000f7a80000,0x00000000fbb80000)
 ParOldGen       total 300032K, used 116342K [0x00000000a0000000, 0x00000000b2500000, 0x00000000e0000000)
  object space 300032K, 38% used [0x00000000a0000000,0x00000000a719d900,0x00000000b2500000)
 Metaspace       used 156318K, capacity 163452K, committed 163968K, reserved 1191936K
  class space    used 20229K, capacity 21508K, committed 21672K, reserved 1048576K
}
Event: 1198.897 GC heap before
{Heap before GC invocations=26 (full 5):
 PSYoungGen      total 445952K, used 387584K [0x00000000e0000000, 0x00000000fff80000, 0x0000000100000000)
  eden space 387584K, 100% used [0x00000000e0000000,0x00000000f7a80000,0x00000000f7a80000)
  from space 58368K, 0% used [0x00000000fbb80000,0x00000000fbb80000,0x00000000ff480000)
  to   space 66560K, 0% used [0x00000000f7a80000,0x00000000f7a80000,0x00000000fbb80000)
 ParOldGen       total 300032K, used 116342K [0x00000000a0000000, 0x00000000b2500000, 0x00000000e0000000)
  object space 300032K, 38% used [0x00000000a0000000,0x00000000a719d900,0x00000000b2500000)
 Metaspace       used 169629K, capacity 177496K, committed 177792K, reserved 1204224K
  class space    used 21893K, capacity 23337K, committed 23464K, reserved 1048576K
Event: 1198.928 GC heap after
Heap after GC invocations=26 (full 5):
 PSYoungGen      total 454144K, used 26861K [0x00000000e0000000, 0x0000000100000000, 0x0000000100000000)
  eden space 387584K, 0% used [0x00000000e0000000,0x00000000e0000000,0x00000000f7a80000)
  from space 66560K, 40% used [0x00000000f7a80000,0x00000000f94bb580,0x00000000fbb80000)
  to   space 62976K, 0% used [0x00000000fc280000,0x00000000fc280000,0x0000000100000000)
 ParOldGen       total 300032K, used 116350K [0x00000000a0000000, 0x00000000b2500000, 0x00000000e0000000)
  object space 300032K, 38% used [0x00000000a0000000,0x00000000a719f900,0x00000000b2500000)
 Metaspace       used 169629K, capacity 177496K, committed 177792K, reserved 1204224K
  class space    used 21893K, capacity 23337K, committed 23464K, reserved 1048576K
}

