# JRE version: OpenJDK Runtime Environment (8.0_202-b03) (build 1.8.0_202-release-1483-b03)
# Java VM: OpenJDK 64-Bit Server VM (25.202-b03 mixed mode windows-amd64 compressed oops)
Heap:
 PSYoungGen      total 409088K, used 136046K [0x00000000e0000000, 0x0000000100000000, 0x0000000100000000)
  eden space 293888K, 44% used [0x00000000e0000000,0x00000000e7feba68,0x00000000f1f00000)
  from space 115200K, 4% used [0x00000000f1f00000,0x00000000f23f0000,0x00000000f8f80000)
  to   space 115200K, 0% used [0x00000000f8f80000,0x00000000f8f80000,0x0000000100000000)
 ParOldGen       total 466432K, used 249387K [0x00000000a0000000, 0x00000000bc780000, 0x00000000e0000000)
  object space 466432K, 53% used [0x00000000a0000000,0x00000000af38ad98,0x00000000bc780000)
 Metaspace       used 241470K, capacity 258862K, committed 259092K, reserved 1273856K
  class space    used 30967K, capacity 33992K, committed 34108K, reserved 1048576K
GC Heap History (10 events):
Event: 1477.034 GC heap before
{Heap before GC invocations=75 (full 8):
 PSYoungGen      total 407040K, used 325390K [0x00000000e0000000, 0x00000000ff500000, 0x0000000100000000)
  eden space 297472K, 100% used [0x00000000e0000000,0x00000000f2280000,0x00000000f2280000)
  from space 109568K, 25% used [0x00000000f8a00000,0x00000000fa543868,0x00000000ff500000)
  to   space 105984K, 0% used [0x00000000f2280000,0x00000000f2280000,0x00000000f8a00000)
 ParOldGen       total 466432K, used 233874K [0x00000000a0000000, 0x00000000bc780000, 0x00000000e0000000)
  object space 466432K, 50% used [0x00000000a0000000,0x00000000ae464ae8,0x00000000bc780000)
 Metaspace       used 240078K, capacity 257252K, committed 257300K, reserved 1273856K
  class space    used 30838K, capacity 33827K, committed 33852K, reserved 1048576K
Event: 1477.058 GC heap after
Heap after GC invocations=75 (full 8):
 PSYoungGen      total 403456K, used 27641K [0x00000000e0000000, 0x00000000ff680000, 0x0000000100000000)
  eden space 297472K, 0% used [0x00000000e0000000,0x00000000e0000000,0x00000000f2280000)
  from space 105984K, 26% used [0x00000000f2280000,0x00000000f3d7e7b8,0x00000000f8a00000)
  to   space 102912K, 0% used [0x00000000f9200000,0x00000000f9200000,0x00000000ff680000)
 ParOldGen       total 466432K, used 233882K [0x00000000a0000000, 0x00000000bc780000, 0x00000000e0000000)
  object space 466432K, 50% used [0x00000000a0000000,0x00000000ae466ae8,0x00000000bc780000)
 Metaspace       used 240078K, capacity 257252K, committed 257300K, reserved 1273856K
  class space    used 30838K, capacity 33827K, committed 33852K, reserved 1048576K
}
Event: 1477.600 GC heap before
{Heap before GC invocations=76 (full 8):
 PSYoungGen      total 403456K, used 325113K [0x00000000e0000000, 0x00000000ff680000, 0x0000000100000000)
  eden space 297472K, 100% used [0x00000000e0000000,0x00000000f2280000,0x00000000f2280000)
  from space 105984K, 26% used [0x00000000f2280000,0x00000000f3d7e7b8,0x00000000f8a00000)
  to   space 102912K, 0% used [0x00000000f9200000,0x00000000f9200000,0x00000000ff680000)
 ParOldGen       total 466432K, used 233882K [0x00000000a0000000, 0x00000000bc780000, 0x00000000e0000000)
  object space 466432K, 50% used [0x00000000a0000000,0x00000000ae466ae8,0x00000000bc780000)
 Metaspace       used 240121K, capacity 257320K, committed 257556K, reserved 1273856K
  class space    used 30839K, capacity 33827K, committed 33852K, reserved 1048576K
Event: 1477.623 GC heap after
Heap after GC invocations=76 (full 8):
 PSYoungGen      total 414208K, used 28966K [0x00000000e0000000, 0x00000000ff500000, 0x0000000100000000)
  eden space 312832K, 0% used [0x00000000e0000000,0x00000000e0000000,0x00000000f3180000)
  from space 101376K, 28% used [0x00000000f9200000,0x00000000fae49b80,0x00000000ff500000)
  to   space 98816K, 0% used [0x00000000f3180000,0x00000000f3180000,0x00000000f9200000)
 ParOldGen       total 466432K, used 233890K [0x00000000a0000000, 0x00000000bc780000, 0x00000000e0000000)
  object space 466432K, 50% used [0x00000000a0000000,0x00000000ae468ae8,0x00000000bc780000)
 Metaspace       used 240121K, capacity 257320K, committed 257556K, reserved 1273856K
  class space    used 30839K, capacity 33827K, committed 33852K, reserved 1048576K
}
Event: 1478.297 GC heap before
{Heap before GC invocations=77 (full 8):
 PSYoungGen      total 414208K, used 341798K [0x00000000e0000000, 0x00000000ff500000, 0x0000000100000000)
  eden space 312832K, 100% used [0x00000000e0000000,0x00000000f3180000,0x00000000f3180000)
  from space 101376K, 28% used [0x00000000f9200000,0x00000000fae49b80,0x00000000ff500000)
  to   space 98816K, 0% used [0x00000000f3180000,0x00000000f3180000,0x00000000f9200000)
 ParOldGen       total 466432K, used 233890K [0x00000000a0000000, 0x00000000bc780000, 0x00000000e0000000)
  object space 466432K, 50% used [0x00000000a0000000,0x00000000ae468ae8,0x00000000bc780000)
 Metaspace       used 240142K, capacity 257320K, committed 257556K, reserved 1273856K
  class space    used 30839K, capacity 33827K, committed 33852K, reserved 1048576K
Event: 1478.314 GC heap after
Heap after GC invocations=77 (full 8):
 PSYoungGen      total 411648K, used 22525K [0x00000000e0000000, 0x00000000ff880000, 0x0000000100000000)
  eden space 312832K, 0% used [0x00000000e0000000,0x00000000e0000000,0x00000000f3180000)
  from space 98816K, 22% used [0x00000000f3180000,0x00000000f477f610,0x00000000f9200000)
  to   space 96256K, 0% used [0x00000000f9a80000,0x00000000f9a80000,0x00000000ff880000)
 ParOldGen       total 466432K, used 239801K [0x00000000a0000000, 0x00000000bc780000, 0x00000000e0000000)
  object space 466432K, 51% used [0x00000000a0000000,0x00000000aea2e610,0x00000000bc780000)
 Metaspace       used 240142K, capacity 257320K, committed 257556K, reserved 1273856K
  class space    used 30839K, capacity 33827K, committed 33852K, reserved 1048576K
}
Event: 1479.500 GC heap before
{Heap before GC invocations=78 (full 8):
 PSYoungGen      total 411648K, used 335357K [0x00000000e0000000, 0x00000000ff880000, 0x0000000100000000)
  eden space 312832K, 100% used [0x00000000e0000000,0x00000000f3180000,0x00000000f3180000)
  from space 98816K, 22% used [0x00000000f3180000,0x00000000f477f610,0x00000000f9200000)
  to   space 96256K, 0% used [0x00000000f9a80000,0x00000000f9a80000,0x00000000ff880000)
 ParOldGen       total 466432K, used 239801K [0x00000000a0000000, 0x00000000bc780000, 0x00000000e0000000)
  object space 466432K, 51% used [0x00000000a0000000,0x00000000aea2e610,0x00000000bc780000)
 Metaspace       used 240538K, capacity 257740K, committed 257812K, reserved 1273856K
  class space    used 30842K, capacity 33827K, committed 33852K, reserved 1048576K
Event: 1479.570 GC heap after
Heap after GC invocations=78 (full 8):
 PSYoungGen      total 390144K, used 96254K [0x00000000e0000000, 0x0000000100000000, 0x0000000100000000)
  eden space 293888K, 0% used [0x00000000e0000000,0x00000000e0000000,0x00000000f1f00000)
  from space 96256K, 99% used [0x00000000f9a80000,0x00000000ff87fba8,0x00000000ff880000)
  to   space 115200K, 0% used [0x00000000f1f00000,0x00000000f1f00000,0x00000000f8f80000)
 ParOldGen       total 466432K, used 249141K [0x00000000a0000000, 0x00000000bc780000, 0x00000000e0000000)
  object space 466432K, 53% used [0x00000000a0000000,0x00000000af34d6d0,0x00000000bc780000)
 Metaspace       used 240538K, capacity 257740K, committed 257812K, reserved 1273856K
  class space    used 30842K, capacity 33827K, committed 33852K, reserved 1048576K
}
Event: 1480.719 GC heap before
{Heap before GC invocations=79 (full 8):
 PSYoungGen      total 390144K, used 390142K [0x00000000e0000000, 0x0000000100000000, 0x0000000100000000)
  eden space 293888K, 100% used [0x00000000e0000000,0x00000000f1f00000,0x00000000f1f00000)
  from space 96256K, 99% used [0x00000000f9a80000,0x00000000ff87fba8,0x00000000ff880000)
  to   space 115200K, 0% used [0x00000000f1f00000,0x00000000f1f00000,0x00000000f8f80000)
 ParOldGen       total 466432K, used 249141K [0x00000000a0000000, 0x00000000bc780000, 0x00000000e0000000)
  object space 466432K, 53% used [0x00000000a0000000,0x00000000af34d6d0,0x00000000bc780000)
 Metaspace       used 240635K, capacity 257816K, committed 258068K, reserved 1273856K
  class space    used 30847K, capacity 33831K, committed 33852K, reserved 1048576K
Event: 1480.729 GC heap after
Heap after GC invocations=79 (full 8):
 PSYoungGen      total 409088K, used 5056K [0x00000000e0000000, 0x0000000100000000, 0x0000000100000000)
  eden space 293888K, 0% used [0x00000000e0000000,0x00000000e0000000,0x00000000f1f00000)
  from space 115200K, 4% used [0x00000000f1f00000,0x00000000f23f0000,0x00000000f8f80000)
  to   space 115200K, 0% used [0x00000000f8f80000,0x00000000f8f80000,0x0000000100000000)
 ParOldGen       total 466432K, used 249387K [0x00000000a0000000, 0x00000000bc780000, 0x00000000e0000000)
  object space 466432K, 53% used [0x00000000a0000000,0x00000000af38ad98,0x00000000bc780000)
 Metaspace       used 240635K, capacity 257816K, committed 258068K, reserved 1273856K
  class space    used 30847K, capacity 33831K, committed 33852K, reserved 1048576K
}

