# JRE version: OpenJDK Runtime Environment (8.0_202-b03) (build 1.8.0_202-release-1483-b03)
# Java VM: OpenJDK 64-Bit Server VM (25.202-b03 mixed mode windows-amd64 compressed oops)
Heap:
 PSYoungGen      total 458752K, used 444329K [0x00000000e0000000, 0x0000000100000000, 0x0000000100000000)
  eden space 412672K, 96% used [0x00000000e0000000,0x00000000f8518478,0x00000000f9300000)
  from space 46080K, 99% used [0x00000000f9300000,0x00000000fbfd1fa0,0x00000000fc000000)
  to   space 61440K, 0% used [0x00000000fc400000,0x00000000fc400000,0x0000000100000000)
 ParOldGen       total 211456K, used 125044K [0x00000000a0000000, 0x00000000ace80000, 0x00000000e0000000)
  object space 211456K, 59% used [0x00000000a0000000,0x00000000a7a1d128,0x00000000ace80000)
 Metaspace       used 139027K, capacity 148170K, committed 148244K, reserved 1177600K
  class space    used 18085K, capacity 19699K, committed 19772K, reserved 1048576K
GC Heap History (10 events):
Event: 233.448 GC heap before
{Heap before GC invocations=23 (full 4):
 PSYoungGen      total 376320K, used 353659K [0x00000000e0000000, 0x00000000f9300000, 0x0000000100000000)
  eden space 344064K, 100% used [0x00000000e0000000,0x00000000f5000000,0x00000000f5000000)
  from space 32256K, 29% used [0x00000000f7380000,0x00000000f7cdecd8,0x00000000f9300000)
  to   space 34304K, 0% used [0x00000000f5000000,0x00000000f5000000,0x00000000f7180000)
 ParOldGen       total 211456K, used 93256K [0x00000000a0000000, 0x00000000ace80000, 0x00000000e0000000)
  object space 211456K, 44% used [0x00000000a0000000,0x00000000a5b123c8,0x00000000ace80000)
 Metaspace       used 99622K, capacity 105730K, committed 105876K, reserved 1140736K
  class space    used 13134K, capacity 14249K, committed 14268K, reserved 1048576K
Event: 233.479 GC heap after
Heap after GC invocations=23 (full 4):
 PSYoungGen      total 378368K, used 27905K [0x00000000e0000000, 0x00000000fc780000, 0x0000000100000000)
  eden space 344064K, 0% used [0x00000000e0000000,0x00000000e0000000,0x00000000f5000000)
  from space 34304K, 81% used [0x00000000f5000000,0x00000000f6b40660,0x00000000f7180000)
  to   space 37376K, 0% used [0x00000000fa300000,0x00000000fa300000,0x00000000fc780000)
 ParOldGen       total 211456K, used 93264K [0x00000000a0000000, 0x00000000ace80000, 0x00000000e0000000)
  object space 211456K, 44% used [0x00000000a0000000,0x00000000a5b143c8,0x00000000ace80000)
 Metaspace       used 99622K, capacity 105730K, committed 105876K, reserved 1140736K
  class space    used 13134K, capacity 14249K, committed 14268K, reserved 1048576K
}
Event: 321.670 GC heap before
{Heap before GC invocations=24 (full 4):
 PSYoungGen      total 378368K, used 371969K [0x00000000e0000000, 0x00000000fc780000, 0x0000000100000000)
  eden space 344064K, 100% used [0x00000000e0000000,0x00000000f5000000,0x00000000f5000000)
  from space 34304K, 81% used [0x00000000f5000000,0x00000000f6b40660,0x00000000f7180000)
  to   space 37376K, 0% used [0x00000000fa300000,0x00000000fa300000,0x00000000fc780000)
 ParOldGen       total 211456K, used 93264K [0x00000000a0000000, 0x00000000ace80000, 0x00000000e0000000)
  object space 211456K, 44% used [0x00000000a0000000,0x00000000a5b143c8,0x00000000ace80000)
 Metaspace       used 115587K, capacity 122630K, committed 122900K, reserved 1155072K
  class space    used 15126K, capacity 16423K, committed 16444K, reserved 1048576K
Event: 321.702 GC heap after
Heap after GC invocations=24 (full 4):
 PSYoungGen      total 420864K, used 37373K [0x00000000e0000000, 0x00000000fcd80000, 0x0000000100000000)
  eden space 383488K, 0% used [0x00000000e0000000,0x00000000e0000000,0x00000000f7680000)
  from space 37376K, 99% used [0x00000000fa300000,0x00000000fc77f618,0x00000000fc780000)
  to   space 44544K, 0% used [0x00000000f7680000,0x00000000f7680000,0x00000000fa200000)
 ParOldGen       total 211456K, used 96912K [0x00000000a0000000, 0x00000000ace80000, 0x00000000e0000000)
  object space 211456K, 45% used [0x00000000a0000000,0x00000000a5ea4068,0x00000000ace80000)
 Metaspace       used 115587K, capacity 122630K, committed 122900K, reserved 1155072K
  class space    used 15126K, capacity 16423K, committed 16444K, reserved 1048576K
}
Event: 323.508 GC heap before
{Heap before GC invocations=25 (full 4):
 PSYoungGen      total 420864K, used 420861K [0x00000000e0000000, 0x00000000fcd80000, 0x0000000100000000)
  eden space 383488K, 100% used [0x00000000e0000000,0x00000000f7680000,0x00000000f7680000)
  from space 37376K, 99% used [0x00000000fa300000,0x00000000fc77f618,0x00000000fc780000)
  to   space 44544K, 0% used [0x00000000f7680000,0x00000000f7680000,0x00000000fa200000)
 ParOldGen       total 211456K, used 96912K [0x00000000a0000000, 0x00000000ace80000, 0x00000000e0000000)
  object space 211456K, 45% used [0x00000000a0000000,0x00000000a5ea4068,0x00000000ace80000)
 Metaspace       used 121045K, capacity 128778K, committed 128916K, reserved 1161216K
  class space    used 15871K, capacity 17227K, committed 17340K, reserved 1048576K
Event: 323.537 GC heap after
Heap after GC invocations=25 (full 4):
 PSYoungGen      total 428032K, used 44520K [0x00000000e0000000, 0x0000000100000000, 0x0000000100000000)
  eden space 383488K, 0% used [0x00000000e0000000,0x00000000e0000000,0x00000000f7680000)
  from space 44544K, 99% used [0x00000000f7680000,0x00000000fa1fa058,0x00000000fa200000)
  to   space 54784K, 0% used [0x00000000fca80000,0x00000000fca80000,0x0000000100000000)
 ParOldGen       total 211456K, used 105503K [0x00000000a0000000, 0x00000000ace80000, 0x00000000e0000000)
  object space 211456K, 49% used [0x00000000a0000000,0x00000000a6707e48,0x00000000ace80000)
 Metaspace       used 121045K, capacity 128778K, committed 128916K, reserved 1161216K
  class space    used 15871K, capacity 17227K, committed 17340K, reserved 1048576K
}
Event: 382.005 GC heap before
{Heap before GC invocations=26 (full 4):
 PSYoungGen      total 428032K, used 428008K [0x00000000e0000000, 0x0000000100000000, 0x0000000100000000)
  eden space 383488K, 100% used [0x00000000e0000000,0x00000000f7680000,0x00000000f7680000)
  from space 44544K, 99% used [0x00000000f7680000,0x00000000fa1fa058,0x00000000fa200000)
  to   space 54784K, 0% used [0x00000000fca80000,0x00000000fca80000,0x0000000100000000)
 ParOldGen       total 211456K, used 105503K [0x00000000a0000000, 0x00000000ace80000, 0x00000000e0000000)
  object space 211456K, 49% used [0x00000000a0000000,0x00000000a6707e48,0x00000000ace80000)
 Metaspace       used 128364K, capacity 136542K, committed 136596K, reserved 1167360K
  class space    used 16649K, capacity 18093K, committed 18108K, reserved 1048576K
Event: 382.053 GC heap after
Heap after GC invocations=26 (full 4):
 PSYoungGen      total 467456K, used 33802K [0x00000000e0000000, 0x0000000100000000, 0x0000000100000000)
  eden space 412672K, 0% used [0x00000000e0000000,0x00000000e0000000,0x00000000f9300000)
  from space 54784K, 61% used [0x00000000fca80000,0x00000000feb82b18,0x0000000100000000)
  to   space 55808K, 0% used [0x00000000f9300000,0x00000000f9300000,0x00000000fc980000)
 ParOldGen       total 211456K, used 125036K [0x00000000a0000000, 0x00000000ace80000, 0x00000000e0000000)
  object space 211456K, 59% used [0x00000000a0000000,0x00000000a7a1b128,0x00000000ace80000)
 Metaspace       used 128364K, capacity 136542K, committed 136596K, reserved 1167360K
  class space    used 16649K, capacity 18093K, committed 18108K, reserved 1048576K
}
Event: 383.603 GC heap before
{Heap before GC invocations=27 (full 4):
 PSYoungGen      total 467456K, used 446474K [0x00000000e0000000, 0x0000000100000000, 0x0000000100000000)
  eden space 412672K, 100% used [0x00000000e0000000,0x00000000f9300000,0x00000000f9300000)
  from space 54784K, 61% used [0x00000000fca80000,0x00000000feb82b18,0x0000000100000000)
  to   space 55808K, 0% used [0x00000000f9300000,0x00000000f9300000,0x00000000fc980000)
 ParOldGen       total 211456K, used 125036K [0x00000000a0000000, 0x00000000ace80000, 0x00000000e0000000)
  object space 211456K, 59% used [0x00000000a0000000,0x00000000a7a1b128,0x00000000ace80000)
 Metaspace       used 135632K, capacity 144572K, committed 144660K, reserved 1175552K
  class space    used 17697K, capacity 19258K, committed 19260K, reserved 1048576K
Event: 383.630 GC heap after
Heap after GC invocations=27 (full 4):
 PSYoungGen      total 458752K, used 45895K [0x00000000e0000000, 0x0000000100000000, 0x0000000100000000)
  eden space 412672K, 0% used [0x00000000e0000000,0x00000000e0000000,0x00000000f9300000)
  from space 46080K, 99% used [0x00000000f9300000,0x00000000fbfd1fa0,0x00000000fc000000)
  to   space 61440K, 0% used [0x00000000fc400000,0x00000000fc400000,0x0000000100000000)
 ParOldGen       total 211456K, used 125044K [0x00000000a0000000, 0x00000000ace80000, 0x00000000e0000000)
  object space 211456K, 59% used [0x00000000a0000000,0x00000000a7a1d128,0x00000000ace80000)
 Metaspace       used 135632K, capacity 144572K, committed 144660K, reserved 1175552K
  class space    used 17697K, capacity 19258K, committed 19260K, reserved 1048576K
}

