# JRE version: OpenJDK Runtime Environment (8.0_202-b03) (build 1.8.0_202-release-1483-b03)
# Java VM: OpenJDK 64-Bit Server VM (25.202-b03 mixed mode windows-amd64 compressed oops)
Heap:
 PSYoungGen      total 430080K, used 417001K [0x00000000e0000000, 0x00000000fcd00000, 0x0000000100000000)
  eden space 390144K, 96% used [0x00000000e0000000,0x00000000f703dab8,0x00000000f7d00000)
  from space 39936K, 99% used [0x00000000fa300000,0x00000000fc9fcc98,0x00000000fca00000)
  to   space 38912K, 0% used [0x00000000f7d00000,0x00000000f7d00000,0x00000000fa300000)
 ParOldGen       total 218624K, used 100933K [0x00000000a0000000, 0x00000000ad580000, 0x00000000e0000000)
  object space 218624K, 46% used [0x00000000a0000000,0x00000000a62916a8,0x00000000ad580000)
 Metaspace       used 115451K, capacity 120088K, committed 126356K, reserved 1159168K
  class space    used 14825K, capacity 15705K, committed 16828K, reserved 1048576K
GC Heap History (10 events):
Event: 5778.057 GC heap before
{Heap before GC invocations=27 (full 5):
 PSYoungGen      total 399360K, used 25196K [0x00000000e0000000, 0x00000000fae80000, 0x0000000100000000)
  eden space 360960K, 0% used [0x00000000e0000000,0x00000000e0000000,0x00000000f6080000)
  from space 38400K, 65% used [0x00000000f8700000,0x00000000f9f9b378,0x00000000fac80000)
  to   space 39424K, 0% used [0x00000000f6080000,0x00000000f6080000,0x00000000f8700000)
 ParOldGen       total 218624K, used 95293K [0x00000000a0000000, 0x00000000ad580000, 0x00000000e0000000)
  object space 218624K, 43% used [0x00000000a0000000,0x00000000a5d0f638,0x00000000ad580000)
 Metaspace       used 122149K, capacity 128134K, committed 128404K, reserved 1161216K
  class space    used 15676K, capacity 16808K, committed 16828K, reserved 1048576K
Event: 5778.436 GC heap after
Heap after GC invocations=27 (full 5):
 PSYoungGen      total 399360K, used 0K [0x00000000e0000000, 0x00000000fae80000, 0x0000000100000000)
  eden space 360960K, 0% used [0x00000000e0000000,0x00000000e0000000,0x00000000f6080000)
  from space 38400K, 0% used [0x00000000f8700000,0x00000000f8700000,0x00000000fac80000)
  to   space 39424K, 0% used [0x00000000f6080000,0x00000000f6080000,0x00000000f8700000)
 ParOldGen       total 218624K, used 75459K [0x00000000a0000000, 0x00000000ad580000, 0x00000000e0000000)
  object space 218624K, 34% used [0x00000000a0000000,0x00000000a49b0d48,0x00000000ad580000)
 Metaspace       used 100224K, capacity 103900K, committed 126356K, reserved 1159168K
  class space    used 12817K, capacity 13547K, committed 16828K, reserved 1048576K
}
Event: 5784.398 GC heap before
{Heap before GC invocations=28 (full 5):
 PSYoungGen      total 399360K, used 360960K [0x00000000e0000000, 0x00000000fae80000, 0x0000000100000000)
  eden space 360960K, 100% used [0x00000000e0000000,0x00000000f6080000,0x00000000f6080000)
  from space 38400K, 0% used [0x00000000f8700000,0x00000000f8700000,0x00000000fac80000)
  to   space 39424K, 0% used [0x00000000f6080000,0x00000000f6080000,0x00000000f8700000)
 ParOldGen       total 218624K, used 75459K [0x00000000a0000000, 0x00000000ad580000, 0x00000000e0000000)
  object space 218624K, 34% used [0x00000000a0000000,0x00000000a49b0d48,0x00000000ad580000)
 Metaspace       used 100829K, capacity 104464K, committed 126356K, reserved 1159168K
  class space    used 12903K, capacity 13581K, committed 16828K, reserved 1048576K
Event: 5784.409 GC heap after
Heap after GC invocations=28 (full 5):
 PSYoungGen      total 400384K, used 2336K [0x00000000e0000000, 0x00000000fca00000, 0x0000000100000000)
  eden space 360960K, 0% used [0x00000000e0000000,0x00000000e0000000,0x00000000f6080000)
  from space 39424K, 5% used [0x00000000f6080000,0x00000000f62c8190,0x00000000f8700000)
  to   space 39936K, 0% used [0x00000000fa300000,0x00000000fa300000,0x00000000fca00000)
 ParOldGen       total 218624K, used 75467K [0x00000000a0000000, 0x00000000ad580000, 0x00000000e0000000)
  object space 218624K, 34% used [0x00000000a0000000,0x00000000a49b2d48,0x00000000ad580000)
 Metaspace       used 100829K, capacity 104464K, committed 126356K, reserved 1159168K
  class space    used 12903K, capacity 13581K, committed 16828K, reserved 1048576K
}
Event: 5787.887 GC heap before
{Heap before GC invocations=29 (full 5):
 PSYoungGen      total 400384K, used 363296K [0x00000000e0000000, 0x00000000fca00000, 0x0000000100000000)
  eden space 360960K, 100% used [0x00000000e0000000,0x00000000f6080000,0x00000000f6080000)
  from space 39424K, 5% used [0x00000000f6080000,0x00000000f62c8190,0x00000000f8700000)
  to   space 39936K, 0% used [0x00000000fa300000,0x00000000fa300000,0x00000000fca00000)
 ParOldGen       total 218624K, used 75467K [0x00000000a0000000, 0x00000000ad580000, 0x00000000e0000000)
  object space 218624K, 34% used [0x00000000a0000000,0x00000000a49b2d48,0x00000000ad580000)
 Metaspace       used 106550K, capacity 110262K, committed 126356K, reserved 1159168K
  class space    used 13532K, capacity 14254K, committed 16828K, reserved 1048576K
Event: 5787.922 GC heap after
Heap after GC invocations=29 (full 5):
 PSYoungGen      total 430080K, used 19886K [0x00000000e0000000, 0x00000000fcd00000, 0x0000000100000000)
  eden space 390144K, 0% used [0x00000000e0000000,0x00000000e0000000,0x00000000f7d00000)
  from space 39936K, 49% used [0x00000000fa300000,0x00000000fb66b930,0x00000000fca00000)
  to   space 38912K, 0% used [0x00000000f7d00000,0x00000000f7d00000,0x00000000fa300000)
 ParOldGen       total 218624K, used 75475K [0x00000000a0000000, 0x00000000ad580000, 0x00000000e0000000)
  object space 218624K, 34% used [0x00000000a0000000,0x00000000a49b4d48,0x00000000ad580000)
 Metaspace       used 106550K, capacity 110262K, committed 126356K, reserved 1159168K
  class space    used 13532K, capacity 14254K, committed 16828K, reserved 1048576K
}
Event: 5789.529 GC heap before
{Heap before GC invocations=30 (full 5):
 PSYoungGen      total 430080K, used 410030K [0x00000000e0000000, 0x00000000fcd00000, 0x0000000100000000)
  eden space 390144K, 100% used [0x00000000e0000000,0x00000000f7d00000,0x00000000f7d00000)
  from space 39936K, 49% used [0x00000000fa300000,0x00000000fb66b930,0x00000000fca00000)
  to   space 38912K, 0% used [0x00000000f7d00000,0x00000000f7d00000,0x00000000fa300000)
 ParOldGen       total 218624K, used 75475K [0x00000000a0000000, 0x00000000ad580000, 0x00000000e0000000)
  object space 218624K, 34% used [0x00000000a0000000,0x00000000a49b4d48,0x00000000ad580000)
 Metaspace       used 114697K, capacity 119286K, committed 126356K, reserved 1159168K
  class space    used 14774K, capacity 15646K, committed 16828K, reserved 1048576K
Event: 5789.570 GC heap after
Heap after GC invocations=30 (full 5):
 PSYoungGen      total 429056K, used 38887K [0x00000000e0000000, 0x00000000fcd00000, 0x0000000100000000)
  eden space 390144K, 0% used [0x00000000e0000000,0x00000000e0000000,0x00000000f7d00000)
  from space 38912K, 99% used [0x00000000f7d00000,0x00000000fa2f9fe8,0x00000000fa300000)
  to   space 39936K, 0% used [0x00000000fa300000,0x00000000fa300000,0x00000000fca00000)
 ParOldGen       total 218624K, used 90418K [0x00000000a0000000, 0x00000000ad580000, 0x00000000e0000000)
  object space 218624K, 41% used [0x00000000a0000000,0x00000000a584ca90,0x00000000ad580000)
 Metaspace       used 114697K, capacity 119286K, committed 126356K, reserved 1159168K
  class space    used 14774K, capacity 15646K, committed 16828K, reserved 1048576K
}
Event: 5790.291 GC heap before
{Heap before GC invocations=31 (full 5):
 PSYoungGen      total 429056K, used 429031K [0x00000000e0000000, 0x00000000fcd00000, 0x0000000100000000)
  eden space 390144K, 100% used [0x00000000e0000000,0x00000000f7d00000,0x00000000f7d00000)
  from space 38912K, 99% used [0x00000000f7d00000,0x00000000fa2f9fe8,0x00000000fa300000)
  to   space 39936K, 0% used [0x00000000fa300000,0x00000000fa300000,0x00000000fca00000)
 ParOldGen       total 218624K, used 90418K [0x00000000a0000000, 0x00000000ad580000, 0x00000000e0000000)
  object space 218624K, 41% used [0x00000000a0000000,0x00000000a584ca90,0x00000000ad580000)
 Metaspace       used 115213K, capacity 119870K, committed 126356K, reserved 1159168K
  class space    used 14822K, capacity 15700K, committed 16828K, reserved 1048576K
Event: 5790.336 GC heap after
Heap after GC invocations=31 (full 5):
 PSYoungGen      total 430080K, used 39923K [0x00000000e0000000, 0x00000000fcd00000, 0x0000000100000000)
  eden space 390144K, 0% used [0x00000000e0000000,0x00000000e0000000,0x00000000f7d00000)
  from space 39936K, 99% used [0x00000000fa300000,0x00000000fc9fcc98,0x00000000fca00000)
  to   space 38912K, 0% used [0x00000000f7d00000,0x00000000f7d00000,0x00000000fa300000)
 ParOldGen       total 218624K, used 100933K [0x00000000a0000000, 0x00000000ad580000, 0x00000000e0000000)
  object space 218624K, 46% used [0x00000000a0000000,0x00000000a62916a8,0x00000000ad580000)
 Metaspace       used 115213K, capacity 119870K, committed 126356K, reserved 1159168K
  class space    used 14822K, capacity 15700K, committed 16828K, reserved 1048576K
}

