# JRE version: OpenJDK Runtime Environment (8.0_202-b03) (build 1.8.0_202-release-1483-b03)
# Java VM: OpenJDK 64-Bit Server VM (25.202-b03 mixed mode windows-amd64 compressed oops)
Heap:
 PSYoungGen      total 354304K, used 45239K [0x00000000e0000000, 0x00000000f8400000, 0x0000000100000000)
  eden space 312320K, 9% used [0x00000000e0000000,0x00000000e1c4c7b8,0x00000000f3100000)
  from space 41984K, 38% used [0x00000000f5880000,0x00000000f6861588,0x00000000f8180000)
  to   space 40448K, 0% used [0x00000000f3100000,0x00000000f3100000,0x00000000f5880000)
 ParOldGen       total 244224K, used 83262K [0x00000000a0000000, 0x00000000aee80000, 0x00000000e0000000)
  object space 244224K, 34% used [0x00000000a0000000,0x00000000a514f938,0x00000000aee80000)
 Metaspace       used 97131K, capacity 102906K, committed 103040K, reserved 1138688K
  class space    used 12843K, capacity 13856K, committed 13952K, reserved 1048576K
GC Heap History (10 events):
Event: 979.665 GC heap before
{Heap before GC invocations=22 (full 3):
 PSYoungGen      total 352768K, used 352328K [0x00000000e0000000, 0x00000000f9e00000, 0x0000000100000000)
  eden space 321024K, 100% used [0x00000000e0000000,0x00000000f3980000,0x00000000f3980000)
  from space 31744K, 98% used [0x00000000f7f00000,0x00000000f9d922b8,0x00000000f9e00000)
  to   space 38400K, 0% used [0x00000000f5300000,0x00000000f5300000,0x00000000f7880000)
 ParOldGen       total 136192K, used 68096K [0x00000000a0000000, 0x00000000a8500000, 0x00000000e0000000)
  object space 136192K, 50% used [0x00000000a0000000,0x00000000a4280000,0x00000000a8500000)
 Metaspace       used 90755K, capacity 96062K, committed 96128K, reserved 1132544K
  class space    used 12178K, capacity 13148K, committed 13184K, reserved 1048576K
Event: 979.696 GC heap after
Heap after GC invocations=22 (full 3):
 PSYoungGen      total 339968K, used 30857K [0x00000000e0000000, 0x00000000f7f80000, 0x0000000100000000)
  eden space 308736K, 0% used [0x00000000e0000000,0x00000000e0000000,0x00000000f2d80000)
  from space 31232K, 98% used [0x00000000f5300000,0x00000000f7122578,0x00000000f7180000)
  to   space 14336K, 0% used [0x00000000f7180000,0x00000000f7180000,0x00000000f7f80000)
 ParOldGen       total 136192K, used 68104K [0x00000000a0000000, 0x00000000a8500000, 0x00000000e0000000)
  object space 136192K, 50% used [0x00000000a0000000,0x00000000a4282000,0x00000000a8500000)
 Metaspace       used 90755K, capacity 96062K, committed 96128K, reserved 1132544K
  class space    used 12178K, capacity 13148K, committed 13184K, reserved 1048576K
}
Event: 982.385 GC heap before
{Heap before GC invocations=23 (full 3):
 PSYoungGen      total 339968K, used 99057K [0x00000000e0000000, 0x00000000f7f80000, 0x0000000100000000)
  eden space 308736K, 22% used [0x00000000e0000000,0x00000000e429a0a8,0x00000000f2d80000)
  from space 31232K, 98% used [0x00000000f5300000,0x00000000f7122578,0x00000000f7180000)
  to   space 14336K, 0% used [0x00000000f7180000,0x00000000f7180000,0x00000000f7f80000)
 ParOldGen       total 136192K, used 68104K [0x00000000a0000000, 0x00000000a8500000, 0x00000000e0000000)
  object space 136192K, 50% used [0x00000000a0000000,0x00000000a4282000,0x00000000a8500000)
 Metaspace       used 93112K, capacity 98472K, committed 98560K, reserved 1134592K
  class space    used 12481K, capacity 13415K, committed 13440K, reserved 1048576K
Event: 982.402 GC heap after
Heap after GC invocations=23 (full 3):
 PSYoungGen      total 311296K, used 14314K [0x00000000e0000000, 0x00000000f7f80000, 0x0000000100000000)
  eden space 296960K, 0% used [0x00000000e0000000,0x00000000e0000000,0x00000000f2200000)
  from space 14336K, 99% used [0x00000000f7180000,0x00000000f7f7a9d8,0x00000000f7f80000)
  to   space 44032K, 0% used [0x00000000f2980000,0x00000000f2980000,0x00000000f5480000)
 ParOldGen       total 136192K, used 85638K [0x00000000a0000000, 0x00000000a8500000, 0x00000000e0000000)
  object space 136192K, 62% used [0x00000000a0000000,0x00000000a53a1ba0,0x00000000a8500000)
 Metaspace       used 93112K, capacity 98472K, committed 98560K, reserved 1134592K
  class space    used 12481K, capacity 13415K, committed 13440K, reserved 1048576K
}
Event: 982.402 GC heap before
{Heap before GC invocations=24 (full 4):
 PSYoungGen      total 311296K, used 14314K [0x00000000e0000000, 0x00000000f7f80000, 0x0000000100000000)
  eden space 296960K, 0% used [0x00000000e0000000,0x00000000e0000000,0x00000000f2200000)
  from space 14336K, 99% used [0x00000000f7180000,0x00000000f7f7a9d8,0x00000000f7f80000)
  to   space 44032K, 0% used [0x00000000f2980000,0x00000000f2980000,0x00000000f5480000)
 ParOldGen       total 136192K, used 85638K [0x00000000a0000000, 0x00000000a8500000, 0x00000000e0000000)
  object space 136192K, 62% used [0x00000000a0000000,0x00000000a53a1ba0,0x00000000a8500000)
 Metaspace       used 93112K, capacity 98472K, committed 98560K, reserved 1134592K
  class space    used 12481K, capacity 13415K, committed 13440K, reserved 1048576K
Event: 982.668 GC heap after
Heap after GC invocations=24 (full 4):
 PSYoungGen      total 311296K, used 0K [0x00000000e0000000, 0x00000000f7f80000, 0x0000000100000000)
  eden space 296960K, 0% used [0x00000000e0000000,0x00000000e0000000,0x00000000f2200000)
  from space 14336K, 0% used [0x00000000f7180000,0x00000000f7180000,0x00000000f7f80000)
  to   space 44032K, 0% used [0x00000000f2980000,0x00000000f2980000,0x00000000f5480000)
 ParOldGen       total 244224K, used 83246K [0x00000000a0000000, 0x00000000aee80000, 0x00000000e0000000)
  object space 244224K, 34% used [0x00000000a0000000,0x00000000a514b938,0x00000000aee80000)
 Metaspace       used 92980K, capacity 98114K, committed 98560K, reserved 1134592K
  class space    used 12435K, capacity 13332K, committed 13440K, reserved 1048576K
}
Event: 1026.328 GC heap before
{Heap before GC invocations=25 (full 4):
 PSYoungGen      total 311296K, used 296960K [0x00000000e0000000, 0x00000000f7f80000, 0x0000000100000000)
  eden space 296960K, 100% used [0x00000000e0000000,0x00000000f2200000,0x00000000f2200000)
  from space 14336K, 0% used [0x00000000f7180000,0x00000000f7180000,0x00000000f7f80000)
  to   space 44032K, 0% used [0x00000000f2980000,0x00000000f2980000,0x00000000f5480000)
 ParOldGen       total 244224K, used 83246K [0x00000000a0000000, 0x00000000aee80000, 0x00000000e0000000)
  object space 244224K, 34% used [0x00000000a0000000,0x00000000a514b938,0x00000000aee80000)
 Metaspace       used 96483K, capacity 101766K, committed 102144K, reserved 1138688K
  class space    used 12751K, capacity 13720K, committed 13824K, reserved 1048576K
Event: 1026.347 GC heap after
Heap after GC invocations=25 (full 4):
 PSYoungGen      total 348672K, used 18113K [0x00000000e0000000, 0x00000000f8180000, 0x0000000100000000)
  eden space 304640K, 0% used [0x00000000e0000000,0x00000000e0000000,0x00000000f2980000)
  from space 44032K, 41% used [0x00000000f2980000,0x00000000f3b30660,0x00000000f5480000)
  to   space 41984K, 0% used [0x00000000f5880000,0x00000000f5880000,0x00000000f8180000)
 ParOldGen       total 244224K, used 83254K [0x00000000a0000000, 0x00000000aee80000, 0x00000000e0000000)
  object space 244224K, 34% used [0x00000000a0000000,0x00000000a514d938,0x00000000aee80000)
 Metaspace       used 96483K, capacity 101766K, committed 102144K, reserved 1138688K
  class space    used 12751K, capacity 13720K, committed 13824K, reserved 1048576K
}
Event: 1040.012 GC heap before
{Heap before GC invocations=26 (full 4):
 PSYoungGen      total 348672K, used 322753K [0x00000000e0000000, 0x00000000f8180000, 0x0000000100000000)
  eden space 304640K, 100% used [0x00000000e0000000,0x00000000f2980000,0x00000000f2980000)
  from space 44032K, 41% used [0x00000000f2980000,0x00000000f3b30660,0x00000000f5480000)
  to   space 41984K, 0% used [0x00000000f5880000,0x00000000f5880000,0x00000000f8180000)
 ParOldGen       total 244224K, used 83254K [0x00000000a0000000, 0x00000000aee80000, 0x00000000e0000000)
  object space 244224K, 34% used [0x00000000a0000000,0x00000000a514d938,0x00000000aee80000)
 Metaspace       used 97071K, capacity 102726K, committed 103040K, reserved 1138688K
  class space    used 12826K, capacity 13826K, committed 13952K, reserved 1048576K
Event: 1040.028 GC heap after
Heap after GC invocations=26 (full 4):
 PSYoungGen      total 354304K, used 16261K [0x00000000e0000000, 0x00000000f8400000, 0x0000000100000000)
  eden space 312320K, 0% used [0x00000000e0000000,0x00000000e0000000,0x00000000f3100000)
  from space 41984K, 38% used [0x00000000f5880000,0x00000000f6861588,0x00000000f8180000)
  to   space 40448K, 0% used [0x00000000f3100000,0x00000000f3100000,0x00000000f5880000)
 ParOldGen       total 244224K, used 83262K [0x00000000a0000000, 0x00000000aee80000, 0x00000000e0000000)
  object space 244224K, 34% used [0x00000000a0000000,0x00000000a514f938,0x00000000aee80000)
 Metaspace       used 97071K, capacity 102726K, committed 103040K, reserved 1138688K
  class space    used 12826K, capacity 13826K, committed 13952K, reserved 1048576K
}

