# JRE version: OpenJDK Runtime Environment (8.0_202-b03) (build 1.8.0_202-release-1483-b03)
# Java VM: OpenJDK 64-Bit Server VM (25.202-b03 mixed mode windows-amd64 compressed oops)
Heap:
 PSYoungGen      total 489984K, used 298702K [0x00000000e0000000, 0x0000000100000000, 0x0000000100000000)
  eden space 461824K, 59% used [0x00000000e0000000,0x00000000f0b56070,0x00000000fc300000)
  from space 28160K, 88% used [0x00000000fe180000,0x00000000ff9dda88,0x00000000ffd00000)
  to   space 31232K, 0% used [0x00000000fc300000,0x00000000fc300000,0x00000000fe180000)
 ParOldGen       total 258560K, used 170634K [0x00000000a0000000, 0x00000000afc80000, 0x00000000e0000000)
  object space 258560K, 65% used [0x00000000a0000000,0x00000000aa6a2ad0,0x00000000afc80000)
 Metaspace       used 75517K, capacity 78520K, committed 79576K, reserved 1118208K
  class space    used 10080K, capacity 10718K, committed 11008K, reserved 1048576K
GC Heap History (10 events):
Event: 13.390 GC heap before
{Heap before GC invocations=32 (full 4):
 PSYoungGen      total 488448K, used 465742K [0x00000000e0000000, 0x00000000ffe80000, 0x0000000100000000)
  eden space 455168K, 100% used [0x00000000e0000000,0x00000000fbc80000,0x00000000fbc80000)
  from space 33280K, 31% used [0x00000000fbc80000,0x00000000fc6d3bb8,0x00000000fdd00000)
  to   space 32256K, 0% used [0x00000000fdf00000,0x00000000fdf00000,0x00000000ffe80000)
 ParOldGen       total 258560K, used 130906K [0x00000000a0000000, 0x00000000afc80000, 0x00000000e0000000)
  object space 258560K, 50% used [0x00000000a0000000,0x00000000a7fd68c0,0x00000000afc80000)
 Metaspace       used 75414K, capacity 78350K, committed 79448K, reserved 1118208K
  class space    used 10078K, capacity 10685K, committed 10880K, reserved 1048576K
Event: 13.405 GC heap after
Heap after GC invocations=32 (full 4):
 PSYoungGen      total 489472K, used 9939K [0x00000000e0000000, 0x00000000ffd00000, 0x0000000100000000)
  eden space 458752K, 0% used [0x00000000e0000000,0x00000000e0000000,0x00000000fc000000)
  from space 30720K, 32% used [0x00000000fdf00000,0x00000000fe8b4f40,0x00000000ffd00000)
  to   space 31232K, 0% used [0x00000000fc000000,0x00000000fc000000,0x00000000fde80000)
 ParOldGen       total 258560K, used 139710K [0x00000000a0000000, 0x00000000afc80000, 0x00000000e0000000)
  object space 258560K, 54% used [0x00000000a0000000,0x00000000a886f848,0x00000000afc80000)
 Metaspace       used 75414K, capacity 78350K, committed 79448K, reserved 1118208K
  class space    used 10078K, capacity 10685K, committed 10880K, reserved 1048576K
}
Event: 13.720 GC heap before
{Heap before GC invocations=33 (full 4):
 PSYoungGen      total 489472K, used 468691K [0x00000000e0000000, 0x00000000ffd00000, 0x0000000100000000)
  eden space 458752K, 100% used [0x00000000e0000000,0x00000000fc000000,0x00000000fc000000)
  from space 30720K, 32% used [0x00000000fdf00000,0x00000000fe8b4f40,0x00000000ffd00000)
  to   space 31232K, 0% used [0x00000000fc000000,0x00000000fc000000,0x00000000fde80000)
 ParOldGen       total 258560K, used 139710K [0x00000000a0000000, 0x00000000afc80000, 0x00000000e0000000)
  object space 258560K, 54% used [0x00000000a0000000,0x00000000a886f848,0x00000000afc80000)
 Metaspace       used 75433K, capacity 78446K, committed 79576K, reserved 1118208K
  class space    used 10080K, capacity 10717K, committed 11008K, reserved 1048576K
Event: 13.735 GC heap after
Heap after GC invocations=33 (full 4):
 PSYoungGen      total 489984K, used 10144K [0x00000000e0000000, 0x00000000ffe80000, 0x0000000100000000)
  eden space 458752K, 0% used [0x00000000e0000000,0x00000000e0000000,0x00000000fc000000)
  from space 31232K, 32% used [0x00000000fc000000,0x00000000fc9e8000,0x00000000fde80000)
  to   space 30208K, 0% used [0x00000000fe100000,0x00000000fe100000,0x00000000ffe80000)
 ParOldGen       total 258560K, used 147910K [0x00000000a0000000, 0x00000000afc80000, 0x00000000e0000000)
  object space 258560K, 57% used [0x00000000a0000000,0x00000000a90718c0,0x00000000afc80000)
 Metaspace       used 75433K, capacity 78446K, committed 79576K, reserved 1118208K
  class space    used 10080K, capacity 10717K, committed 11008K, reserved 1048576K
}
Event: 14.078 GC heap before
{Heap before GC invocations=34 (full 4):
 PSYoungGen      total 489984K, used 468896K [0x00000000e0000000, 0x00000000ffe80000, 0x0000000100000000)
  eden space 458752K, 100% used [0x00000000e0000000,0x00000000fc000000,0x00000000fc000000)
  from space 31232K, 32% used [0x00000000fc000000,0x00000000fc9e8000,0x00000000fde80000)
  to   space 30208K, 0% used [0x00000000fe100000,0x00000000fe100000,0x00000000ffe80000)
 ParOldGen       total 258560K, used 147910K [0x00000000a0000000, 0x00000000afc80000, 0x00000000e0000000)
  object space 258560K, 57% used [0x00000000a0000000,0x00000000a90718c0,0x00000000afc80000)
 Metaspace       used 75457K, capacity 78514K, committed 79576K, reserved 1118208K
  class space    used 10080K, capacity 10717K, committed 11008K, reserved 1048576K
Event: 14.092 GC heap after
Heap after GC invocations=34 (full 4):
 PSYoungGen      total 492544K, used 8987K [0x00000000e0000000, 0x00000000ffe00000, 0x0000000100000000)
  eden space 462848K, 0% used [0x00000000e0000000,0x00000000e0000000,0x00000000fc400000)
  from space 29696K, 30% used [0x00000000fe100000,0x00000000fe9c6ca8,0x00000000ffe00000)
  to   space 29696K, 0% used [0x00000000fc400000,0x00000000fc400000,0x00000000fe100000)
 ParOldGen       total 258560K, used 157674K [0x00000000a0000000, 0x00000000afc80000, 0x00000000e0000000)
  object space 258560K, 60% used [0x00000000a0000000,0x00000000a99fa920,0x00000000afc80000)
 Metaspace       used 75457K, capacity 78514K, committed 79576K, reserved 1118208K
  class space    used 10080K, capacity 10717K, committed 11008K, reserved 1048576K
}
Event: 14.496 GC heap before
{Heap before GC invocations=35 (full 4):
 PSYoungGen      total 492544K, used 471835K [0x00000000e0000000, 0x00000000ffe00000, 0x0000000100000000)
  eden space 462848K, 100% used [0x00000000e0000000,0x00000000fc400000,0x00000000fc400000)
  from space 29696K, 30% used [0x00000000fe100000,0x00000000fe9c6ca8,0x00000000ffe00000)
  to   space 29696K, 0% used [0x00000000fc400000,0x00000000fc400000,0x00000000fe100000)
 ParOldGen       total 258560K, used 157674K [0x00000000a0000000, 0x00000000afc80000, 0x00000000e0000000)
  object space 258560K, 60% used [0x00000000a0000000,0x00000000a99fa920,0x00000000afc80000)
 Metaspace       used 75484K, capacity 78514K, committed 79576K, reserved 1118208K
  class space    used 10080K, capacity 10717K, committed 11008K, reserved 1048576K
Event: 14.514 GC heap after
Heap after GC invocations=35 (full 4):
 PSYoungGen      total 492544K, used 11297K [0x00000000e0000000, 0x00000000ffd00000, 0x0000000100000000)
  eden space 462848K, 0% used [0x00000000e0000000,0x00000000e0000000,0x00000000fc400000)
  from space 29696K, 38% used [0x00000000fc400000,0x00000000fcf087a8,0x00000000fe100000)
  to   space 28160K, 0% used [0x00000000fe180000,0x00000000fe180000,0x00000000ffd00000)
 ParOldGen       total 258560K, used 164185K [0x00000000a0000000, 0x00000000afc80000, 0x00000000e0000000)
  object space 258560K, 63% used [0x00000000a0000000,0x00000000aa056488,0x00000000afc80000)
 Metaspace       used 75484K, capacity 78514K, committed 79576K, reserved 1118208K
  class space    used 10080K, capacity 10717K, committed 11008K, reserved 1048576K
}
Event: 14.911 GC heap before
{Heap before GC invocations=36 (full 4):
 PSYoungGen      total 492544K, used 474145K [0x00000000e0000000, 0x00000000ffd00000, 0x0000000100000000)
  eden space 462848K, 100% used [0x00000000e0000000,0x00000000fc400000,0x00000000fc400000)
  from space 29696K, 38% used [0x00000000fc400000,0x00000000fcf087a8,0x00000000fe100000)
  to   space 28160K, 0% used [0x00000000fe180000,0x00000000fe180000,0x00000000ffd00000)
 ParOldGen       total 258560K, used 164185K [0x00000000a0000000, 0x00000000afc80000, 0x00000000e0000000)
  object space 258560K, 63% used [0x00000000a0000000,0x00000000aa056488,0x00000000afc80000)
 Metaspace       used 75509K, capacity 78520K, committed 79576K, reserved 1118208K
  class space    used 10080K, capacity 10718K, committed 11008K, reserved 1048576K
Event: 14.936 GC heap after
Heap after GC invocations=36 (full 4):
 PSYoungGen      total 489984K, used 24950K [0x00000000e0000000, 0x0000000100000000, 0x0000000100000000)
  eden space 461824K, 0% used [0x00000000e0000000,0x00000000e0000000,0x00000000fc300000)
  from space 28160K, 88% used [0x00000000fe180000,0x00000000ff9dda88,0x00000000ffd00000)
  to   space 31232K, 0% used [0x00000000fc300000,0x00000000fc300000,0x00000000fe180000)
 ParOldGen       total 258560K, used 170634K [0x00000000a0000000, 0x00000000afc80000, 0x00000000e0000000)
  object space 258560K, 65% used [0x00000000a0000000,0x00000000aa6a2ad0,0x00000000afc80000)
 Metaspace       used 75509K, capacity 78520K, committed 79576K, reserved 1118208K
  class space    used 10080K, capacity 10718K, committed 11008K, reserved 1048576K
}

